[0m21:22:03.990766 [debug] [MainThread]: Sending event: {'category': 'dbt', 'action': 'invocation', 'label': 'start', 'context': [<snowplow_tracker.self_describing_json.SelfDescribingJson object at 0x0000017E13867740>, <snowplow_tracker.self_describing_json.SelfDescribingJson object at 0x0000017E13867BF0>, <snowplow_tracker.self_describing_json.SelfDescribingJson object at 0x0000017E13865D60>]}


============================== 21:22:03.999766 | e9dd3686-1ae6-4532-82ef-a9183ee715ef ==============================
[0m21:22:03.999766 [info ] [MainThread]: Running with dbt=1.8.8
[0m21:22:04.000766 [debug] [MainThread]: running dbt with arguments {'printer_width': '80', 'indirect_selection': 'eager', 'log_cache_events': 'False', 'write_json': 'True', 'partial_parse': 'True', 'cache_selected_only': 'False', 'profiles_dir': 'C:\\Users\\LENOVO\\.dbt', 'version_check': 'True', 'debug': 'False', 'log_path': 'C:\\Users\\LENOVO\\Desktop\\course\\complete-dbt-bootcamp-zero-to-hero\\dbtlearn\\logs', 'warn_error': 'None', 'fail_fast': 'False', 'use_colors': 'True', 'use_experimental_parser': 'False', 'empty': 'None', 'quiet': 'False', 'no_print': 'None', 'log_format': 'default', 'invocation_command': 'dbt debug', 'introspect': 'True', 'warn_error_options': 'WarnErrorOptions(include=[], exclude=[])', 'target_path': 'None', 'static_parser': 'True', 'send_anonymous_usage_stats': 'True'}
[0m21:22:04.053769 [info ] [MainThread]: dbt version: 1.8.8
[0m21:22:04.054765 [info ] [MainThread]: python version: 3.12.0rc3
[0m21:22:04.054765 [info ] [MainThread]: python path: C:\Users\LENOVO\Desktop\course\venv\Scripts\python.exe
[0m21:22:04.055767 [info ] [MainThread]: os info: Windows-10-10.0.19045-SP0
[0m21:22:04.251127 [info ] [MainThread]: Using profiles dir at C:\Users\LENOVO\.dbt
[0m21:22:04.252211 [info ] [MainThread]: Using profiles.yml file at C:\Users\LENOVO\.dbt\profiles.yml
[0m21:22:04.253129 [info ] [MainThread]: Using dbt_project.yml file at C:\Users\LENOVO\Desktop\course\complete-dbt-bootcamp-zero-to-hero\dbtlearn\dbt_project.yml
[0m21:22:04.256129 [info ] [MainThread]: adapter type: postgres
[0m21:22:04.256129 [info ] [MainThread]: adapter version: 1.9.0
[0m21:22:04.352150 [info ] [MainThread]: Configuration:
[0m21:22:04.353142 [info ] [MainThread]:   profiles.yml file [[32mOK found and valid[0m]
[0m21:22:04.354130 [info ] [MainThread]:   dbt_project.yml file [[32mOK found and valid[0m]
[0m21:22:04.355132 [info ] [MainThread]: Required dependencies:
[0m21:22:04.356133 [debug] [MainThread]: Executing "git --help"
[0m21:22:04.396855 [debug] [MainThread]: STDOUT: "b"usage: git [-v | --version] [-h | --help] [-C <path>] [-c <name>=<value>]\n           [--exec-path[=<path>]] [--html-path] [--man-path] [--info-path]\n           [-p | --paginate | -P | --no-pager] [--no-replace-objects] [--no-lazy-fetch]\n           [--no-optional-locks] [--no-advice] [--bare] [--git-dir=<path>]\n           [--work-tree=<path>] [--namespace=<name>] [--config-env=<name>=<envvar>]\n           <command> [<args>]\n\nThese are common Git commands used in various situations:\n\nstart a working area (see also: git help tutorial)\n   clone      Clone a repository into a new directory\n   init       Create an empty Git repository or reinitialize an existing one\n\nwork on the current change (see also: git help everyday)\n   add        Add file contents to the index\n   mv         Move or rename a file, a directory, or a symlink\n   restore    Restore working tree files\n   rm         Remove files from the working tree and from the index\n\nexamine the history and state (see also: git help revisions)\n   bisect     Use binary search to find the commit that introduced a bug\n   diff       Show changes between commits, commit and working tree, etc\n   grep       Print lines matching a pattern\n   log        Show commit logs\n   show       Show various types of objects\n   status     Show the working tree status\n\ngrow, mark and tweak your common history\n   backfill   Download missing objects in a partial clone\n   branch     List, create, or delete branches\n   commit     Record changes to the repository\n   merge      Join two or more development histories together\n   rebase     Reapply commits on top of another base tip\n   reset      Reset current HEAD to the specified state\n   switch     Switch branches\n   tag        Create, list, delete or verify a tag object signed with GPG\n\ncollaborate (see also: git help workflows)\n   fetch      Download objects and refs from another repository\n   pull       Fetch from and integrate with another repository or a local branch\n   push       Update remote refs along with associated objects\n\n'git help -a' and 'git help -g' list available subcommands and some\nconcept guides. See 'git help <command>' or 'git help <concept>'\nto read about a specific subcommand or concept.\nSee 'git help git' for an overview of the system.\n""
[0m21:22:04.396855 [debug] [MainThread]: STDERR: "b''"
[0m21:22:04.397854 [info ] [MainThread]:  - git [[32mOK found[0m]

[0m21:22:04.398855 [info ] [MainThread]: Connection:
[0m21:22:04.399858 [info ] [MainThread]:   host: localhost
[0m21:22:04.400865 [info ] [MainThread]:   port: 5432
[0m21:22:04.401857 [info ] [MainThread]:   user: postgres
[0m21:22:04.402863 [info ] [MainThread]:   database: Banking
[0m21:22:04.404861 [info ] [MainThread]:   schema: test
[0m21:22:04.404861 [info ] [MainThread]:   connect_timeout: 10
[0m21:22:04.405857 [info ] [MainThread]:   role: None
[0m21:22:04.406854 [info ] [MainThread]:   search_path: None
[0m21:22:04.407855 [info ] [MainThread]:   keepalives_idle: 0
[0m21:22:04.408855 [info ] [MainThread]:   sslmode: None
[0m21:22:04.408855 [info ] [MainThread]:   sslcert: None
[0m21:22:04.409854 [info ] [MainThread]:   sslkey: None
[0m21:22:04.410862 [info ] [MainThread]:   sslrootcert: None
[0m21:22:04.411854 [info ] [MainThread]:   application_name: dbt
[0m21:22:04.412854 [info ] [MainThread]:   retries: 1
[0m21:22:04.413856 [info ] [MainThread]: Registered adapter: postgres=1.9.0
[0m21:22:04.414855 [debug] [MainThread]: Acquiring new postgres connection 'debug'
[0m21:22:07.566399 [debug] [MainThread]: Using postgres connection "debug"
[0m21:22:07.566399 [debug] [MainThread]: On debug: select 1 as id
[0m21:22:07.567401 [debug] [MainThread]: Opening a new connection, currently in state init
[0m21:22:07.608400 [debug] [MainThread]: SQL status: SELECT 1 in 0.041 seconds
[0m21:22:07.609414 [debug] [MainThread]: On debug: Close
[0m21:22:07.610405 [info ] [MainThread]:   Connection test: [[32mOK connection ok[0m]

[0m21:22:07.611404 [info ] [MainThread]: [32mAll checks passed![0m
[0m21:22:07.613414 [debug] [MainThread]: Command `dbt debug` succeeded at 21:22:07.612403 after 3.76 seconds
[0m21:22:07.613414 [debug] [MainThread]: Connection 'debug' was properly closed.
[0m21:22:07.614403 [debug] [MainThread]: Sending event: {'category': 'dbt', 'action': 'invocation', 'label': 'end', 'context': [<snowplow_tracker.self_describing_json.SelfDescribingJson object at 0x0000017E134E0D70>, <snowplow_tracker.self_describing_json.SelfDescribingJson object at 0x0000017E14020350>, <snowplow_tracker.self_describing_json.SelfDescribingJson object at 0x0000017E13F5DB20>]}
[0m21:22:07.614403 [debug] [MainThread]: Flushing usage events
[0m06:57:50.315414 [debug] [MainThread]: Sending event: {'category': 'dbt', 'action': 'invocation', 'label': 'start', 'context': [<snowplow_tracker.self_describing_json.SelfDescribingJson object at 0x000002136A9852E0>, <snowplow_tracker.self_describing_json.SelfDescribingJson object at 0x000002136A984260>, <snowplow_tracker.self_describing_json.SelfDescribingJson object at 0x000002136A9853D0>]}


============================== 06:57:50.335231 | 093b016a-169a-4079-ae05-74b94a9112d9 ==============================
[0m06:57:50.335231 [info ] [MainThread]: Running with dbt=1.9.1
[0m06:57:50.337227 [debug] [MainThread]: running dbt with arguments {'printer_width': '80', 'indirect_selection': 'eager', 'write_json': 'True', 'log_cache_events': 'False', 'partial_parse': 'True', 'cache_selected_only': 'False', 'warn_error': 'None', 'debug': 'False', 'version_check': 'True', 'log_path': 'C:\\Users\\LENOVO\\Desktop\\course\\complete-dbt-bootcamp-zero-to-hero\\dbtlearn\\logs', 'fail_fast': 'False', 'profiles_dir': 'C:\\Users\\LENOVO\\.dbt', 'use_colors': 'True', 'use_experimental_parser': 'False', 'empty': 'None', 'quiet': 'False', 'no_print': 'None', 'warn_error_options': 'WarnErrorOptions(include=[], exclude=[])', 'introspect': 'True', 'log_format': 'default', 'static_parser': 'True', 'target_path': 'None', 'invocation_command': 'dbt debug', 'send_anonymous_usage_stats': 'True'}
[0m06:57:50.411746 [info ] [MainThread]: dbt version: 1.9.1
[0m06:57:50.413731 [info ] [MainThread]: python version: 3.12.0rc3
[0m06:57:50.415739 [info ] [MainThread]: python path: C:\Users\LENOVO\Desktop\course\venv\Scripts\python.exe
[0m06:57:50.417735 [info ] [MainThread]: os info: Windows-10-10.0.19045-SP0
[0m06:57:50.652571 [info ] [MainThread]: Using profiles dir at C:\Users\LENOVO\.dbt
[0m06:57:50.655220 [info ] [MainThread]: Using profiles.yml file at C:\Users\LENOVO\.dbt\profiles.yml
[0m06:57:50.656064 [info ] [MainThread]: Using dbt_project.yml file at C:\Users\LENOVO\Desktop\course\complete-dbt-bootcamp-zero-to-hero\dbtlearn\dbt_project.yml
[0m06:57:50.659501 [info ] [MainThread]: adapter type: postgres
[0m06:57:50.661509 [info ] [MainThread]: adapter version: 1.9.0
[0m06:57:50.918704 [info ] [MainThread]: Configuration:
[0m06:57:50.918704 [info ] [MainThread]:   profiles.yml file [[32mOK found and valid[0m]
[0m06:57:50.926707 [info ] [MainThread]:   dbt_project.yml file [[32mOK found and valid[0m]
[0m06:57:50.926707 [info ] [MainThread]: Required dependencies:
[0m06:57:50.926707 [debug] [MainThread]: Executing "git --help"
[0m06:57:50.987516 [debug] [MainThread]: STDOUT: "b"usage: git [-v | --version] [-h | --help] [-C <path>] [-c <name>=<value>]\n           [--exec-path[=<path>]] [--html-path] [--man-path] [--info-path]\n           [-p | --paginate | -P | --no-pager] [--no-replace-objects] [--no-lazy-fetch]\n           [--no-optional-locks] [--no-advice] [--bare] [--git-dir=<path>]\n           [--work-tree=<path>] [--namespace=<name>] [--config-env=<name>=<envvar>]\n           <command> [<args>]\n\nThese are common Git commands used in various situations:\n\nstart a working area (see also: git help tutorial)\n   clone      Clone a repository into a new directory\n   init       Create an empty Git repository or reinitialize an existing one\n\nwork on the current change (see also: git help everyday)\n   add        Add file contents to the index\n   mv         Move or rename a file, a directory, or a symlink\n   restore    Restore working tree files\n   rm         Remove files from the working tree and from the index\n\nexamine the history and state (see also: git help revisions)\n   bisect     Use binary search to find the commit that introduced a bug\n   diff       Show changes between commits, commit and working tree, etc\n   grep       Print lines matching a pattern\n   log        Show commit logs\n   show       Show various types of objects\n   status     Show the working tree status\n\ngrow, mark and tweak your common history\n   backfill   Download missing objects in a partial clone\n   branch     List, create, or delete branches\n   commit     Record changes to the repository\n   merge      Join two or more development histories together\n   rebase     Reapply commits on top of another base tip\n   reset      Reset current HEAD to the specified state\n   switch     Switch branches\n   tag        Create, list, delete or verify a tag object signed with GPG\n\ncollaborate (see also: git help workflows)\n   fetch      Download objects and refs from another repository\n   pull       Fetch from and integrate with another repository or a local branch\n   push       Update remote refs along with associated objects\n\n'git help -a' and 'git help -g' list available subcommands and some\nconcept guides. See 'git help <command>' or 'git help <concept>'\nto read about a specific subcommand or concept.\nSee 'git help git' for an overview of the system.\n""
[0m06:57:50.987516 [debug] [MainThread]: STDERR: "b''"
[0m06:57:50.987516 [info ] [MainThread]:  - git [[32mOK found[0m]

[0m06:57:50.987516 [info ] [MainThread]: Connection:
[0m06:57:50.995802 [info ] [MainThread]:   host: localhost
[0m06:57:50.995802 [info ] [MainThread]:   port: 5432
[0m06:57:50.995802 [info ] [MainThread]:   user: postgres
[0m06:57:50.995802 [info ] [MainThread]:   database: Banking
[0m06:57:50.995802 [info ] [MainThread]:   schema: test
[0m06:57:51.003805 [info ] [MainThread]:   connect_timeout: 10
[0m06:57:51.003805 [info ] [MainThread]:   role: None
[0m06:57:51.003805 [info ] [MainThread]:   search_path: None
[0m06:57:51.003805 [info ] [MainThread]:   keepalives_idle: 0
[0m06:57:51.003805 [info ] [MainThread]:   sslmode: None
[0m06:57:51.003805 [info ] [MainThread]:   sslcert: None
[0m06:57:51.011811 [info ] [MainThread]:   sslkey: None
[0m06:57:51.011811 [info ] [MainThread]:   sslrootcert: None
[0m06:57:51.011811 [info ] [MainThread]:   application_name: dbt
[0m06:57:51.011811 [info ] [MainThread]:   retries: 1
[0m06:57:51.011811 [info ] [MainThread]: Registered adapter: postgres=1.9.0
[0m06:57:51.678333 [debug] [MainThread]: Acquiring new postgres connection 'debug'
[0m06:57:56.498867 [debug] [MainThread]: Using postgres connection "debug"
[0m06:57:56.498867 [debug] [MainThread]: On debug: select 1 as id
[0m06:57:56.498867 [debug] [MainThread]: Opening a new connection, currently in state init
[0m06:57:56.649772 [debug] [MainThread]: SQL status: SELECT 1 in 0.148 seconds
[0m06:57:56.649772 [debug] [MainThread]: On debug: Close
[0m06:57:56.649772 [info ] [MainThread]:   Connection test: [[32mOK connection ok[0m]

[0m06:57:56.657761 [info ] [MainThread]: [32mAll checks passed![0m
[0m06:57:56.657761 [debug] [MainThread]: Command `dbt debug` succeeded at 06:57:56.657761 after 6.64 seconds
[0m06:57:56.657761 [debug] [MainThread]: Connection 'debug' was properly closed.
[0m06:57:56.657761 [debug] [MainThread]: Sending event: {'category': 'dbt', 'action': 'invocation', 'label': 'end', 'context': [<snowplow_tracker.self_describing_json.SelfDescribingJson object at 0x000002136A7120C0>, <snowplow_tracker.self_describing_json.SelfDescribingJson object at 0x000002136B12CAD0>, <snowplow_tracker.self_describing_json.SelfDescribingJson object at 0x000002136ABEA6F0>]}
[0m06:57:56.657761 [debug] [MainThread]: Flushing usage events
[0m06:57:57.375520 [debug] [MainThread]: An error was encountered while trying to flush usage events
